./a.out:1: MAJOR:C-O1
./concat_params.c:5: MAJOR:C-F3
./concat_params.c:52: MINOR:C-L3
./concat_params.c:52: MAJOR:C-O3
./concat_params.c:54: MINOR:C-F8
./concat_params.c:55: MINOR:C-F8
./concat_params.c:56: MINOR:C-L6
./concat_params.c:57: MINOR:C-F8
./concat_params.c:58: MINOR:C-F8
./concat_params.c:59: MINOR:C-F8
./concat_params.c:60: MINOR:C-F8
./concat_params.c:61: MINOR:C-G7
./concat_params.c:61: MINOR:C-L6
./lib/my/libmy.a:1: MAJOR:C-O1
./lib/my/my_compute_power_rec.o:1: MAJOR:C-O1
./lib/my/my_compute_square_root.o:1: MAJOR:C-O1
./lib/my/my_find_prime_sup.o:1: MAJOR:C-O1
./lib/my/my_getnbr.o:1: MAJOR:C-O1
./lib/my/my_is_prime.o:1: MAJOR:C-O1
./lib/my/my_isneg.o:1: MAJOR:C-O1
./lib/my/my_put_nbr.o:1: MAJOR:C-O1
./lib/my/my_putchar.o:1: MAJOR:C-O1
./lib/my/my_putstr.o:1: MAJOR:C-O1
./lib/my/my_revstr.o:1: MAJOR:C-O1
./lib/my/my_showmem.o:1: MAJOR:C-O1
./lib/my/my_showstr.o:1: MAJOR:C-O1
./lib/my/my_sort_int_array.o:1: MAJOR:C-O1
./lib/my/my_str_isalpha.o:1: MAJOR:C-O1
./lib/my/my_str_islower.o:1: MAJOR:C-O1
./lib/my/my_str_isnum.o:1: MAJOR:C-O1
./lib/my/my_str_isprintable.o:1: MAJOR:C-O1
./lib/my/my_str_isupper.o:1: MAJOR:C-O1
./lib/my/my_strcapitalize.o:1: MAJOR:C-O1
./lib/my/my_strcat.o:1: MAJOR:C-O1
./lib/my/my_strcmp.o:1: MAJOR:C-O1
./lib/my/my_strcpy.o:1: MAJOR:C-O1
./lib/my/my_strlen.o:1: MAJOR:C-O1
./lib/my/my_strlowcase.o:1: MAJOR:C-O1
./lib/my/my_strncat.o:1: MAJOR:C-O1
./lib/my/my_strncmp.o:1: MAJOR:C-O1
./lib/my/my_strncpy.o:1: MAJOR:C-O1
./lib/my/my_strstr.o:1: MAJOR:C-O1
./lib/my/my_strupcase.o:1: MAJOR:C-O1
./lib/my/my_swap.o:1: MAJOR:C-O1
