./a.out:1: MAJOR:C-O1
./all_function_float.c:38: MINOR:C-L6
./all_function_float.c:45: MAJOR:C-L5
./all_function_float.c:48: MAJOR:C-L5
./lib/my/my_print_float.c:17: MINOR:C-G7
./main.c:11: MAJOR:C-F6
./main.c:17: MINOR:C-G7
./main.c:17: MINOR:C-L6
./main.c:18: MINOR:C-F8
./main.c:18: MINOR:C-L2
./main.c:19: MINOR:C-F8
./main.c:19: MINOR:C-L2
./main.c:20: MINOR:C-L6
./main.c:21: MINOR:C-F8
./main.c:21: MINOR:C-L2
./main.c:22: MINOR:C-F8
./main.c:22: MINOR:C-L2
./main.c:23: MINOR:C-G7
./main.c:24: MAJOR:C-F3
./main.c:25: MAJOR:C-F3
./main.c:26: MINOR:C-F8
./main.c:26: MINOR:C-L2
./main.c:27: MINOR:C-F8
./main.c:27: MINOR:C-L2
./main.c:28: MINOR:C-F8
./main.c:28: MINOR:C-L2
