./B-PSU-200-TLS-2-1-minishell2-fabien.fraixanet/lib/my/my_strlen.c:14: MAJOR:C-L1
./B-PSU-200-TLS-2-1-minishell2-fabien.fraixanet/src/access.c:19: MAJOR:C-C1
./B-PSU-200-TLS-2-1-minishell2-fabien.fraixanet/src/cd.c:27: MAJOR:C-C2
./B-PSU-200-TLS-2-1-minishell2-fabien.fraixanet/src/cd.c:27: MAJOR:C-L1
./B-PSU-200-TLS-2-1-minishell2-fabien.fraixanet/src/cd.c:44: MAJOR:C-C1
./B-PSU-200-TLS-2-1-minishell2-fabien.fraixanet/src/cd.c:45: MAJOR:C-C2
./B-PSU-200-TLS-2-1-minishell2-fabien.fraixanet/src/cd.c:47: MAJOR:C-C1
./B-PSU-200-TLS-2-1-minishell2-fabien.fraixanet/src/hand_comm.c:42: MAJOR:C-C2
./B-PSU-200-TLS-2-1-minishell2-fabien.fraixanet/src/hand_comm.c:45: MAJOR:C-C2
./B-PSU-200-TLS-2-1-minishell2-fabien.fraixanet/src/hand_comm.c:54: MAJOR:C-C2
./B-PSU-200-TLS-2-1-minishell2-fabien.fraixanet/src/hand_input.c:14: MAJOR:C-L1
./B-PSU-200-TLS-2-1-minishell2-fabien.fraixanet/src/hand_input.c:17: MAJOR:C-C2
./B-PSU-200-TLS-2-1-minishell2-fabien.fraixanet/src/hand_input.c:18: MAJOR:C-C2
./B-PSU-200-TLS-2-1-minishell2-fabien.fraixanet/src/hand_input.c:43: MAJOR:C-C2
./B-PSU-200-TLS-2-1-minishell2-fabien.fraixanet/src/hand_input.c:44: MAJOR:C-C2
./B-PSU-200-TLS-2-1-minishell2-fabien.fraixanet/src/hand_input.c:48: MAJOR:C-C1
./B-PSU-200-TLS-2-1-minishell2-fabien.fraixanet/src/hand_input.c:48: MAJOR:C-L1
./B-PSU-200-TLS-2-1-minishell2-fabien.fraixanet/src/hand_input.c:50: MAJOR:C-C1
./B-PSU-200-TLS-2-1-minishell2-fabien.fraixanet/src/my_alloc_ar.c:14: MAJOR:C-L1
./B-PSU-200-TLS-2-1-minishell2-fabien.fraixanet/src/pipe.c:18: MAJOR:C-C2
./B-PSU-200-TLS-2-1-minishell2-fabien.fraixanet/src/pipe.c:19: MAJOR:C-C2
./B-PSU-200-TLS-2-1-minishell2-fabien.fraixanet/src/pipe.c:38: MAJOR:C-L1
./B-PSU-200-TLS-2-1-minishell2-fabien.fraixanet/src/setenv.c:17: MAJOR:C-L1
./B-PSU-200-TLS-2-1-minishell2-fabien.fraixanet/src/unsetenv.c:23: MAJOR:C-L5
