20
300000 300000
5000 5000
0 0
PbrainGomoku
PbrainGomoku
---
1765984598832136:1:5 0 89
1765984598833856:2:14 8 222
1765984598836366:1:0 13 117
1765984598839032:2:17 15 185
1765984598841828:1:8 14 206
1765984598844598:2:6 14 212
1765984598847213:1:13 5 107
1765984598849214:2:12 14 135
1765984598851405:1:6 19 179
1765984598853709:2:13 13 104
1765984598856122:1:15 11 246
1765984598858914:2:12 17 206
1765984598862318:1:3 17 145
1765984598865116:2:12 4 125
1765984598867427:1:17 2 214
1765984598870798:2:14 10 170
1765984598873828:1:16 8 131
1765984598876519:2:2 16 129
1765984598879140:1:9 19 130
1765984598881411:2:17 13 97
1765984598883241:1:19 16 84
1765984598885088:2:16 7 94
1765984598887286:1:17 17 125
1765984598890041:2:7 10 544
1765984598892526:1:0 9 173
1765984598895405:2:5 1 192
1765984598898025:1:15 2 132
1765984598900776:2:9 0 193
1765984598903992:1:11 18 158
1765984598906957:2:12 11 177
1765984598910188:1:9 12 104
1765984598912716:2:16 4 90
1765984598914993:1:19 7 120
1765984598917237:2:16 3 103
1765984598919523:1:2 8 88
1765984598921777:2:17 7 74
1765984598924017:1:4 19 70
1765984598926258:2:7 11 76
1765984598928505:1:1 5 84
1765984598930760:2:6 16 73
1765984598933027:1:5 2 77
1765984598935220:2:10 19 74
1765984598937423:1:1 12 76
1765984598939695:2:5 10 98
1765984598941928:1:0 7 79
1765984598943747:2:12 3 113
1765984598944845:1:1 10 97
1765984598946011:2:1 6 117
1765984598948234:1:6 2 95
1765984598950331:2:18 2 89
1765984598952119:1:16 10 114
1765984598954109:2:10 3 74
1765984598955375:1:0 1 81
1765984598956510:2:9 5 152
1765984598957619:1:13 7 153
1765984598958714:2:9 14 113
1765984598959795:1:19 8 109
1765984598962339:2:13 9 103
1765984598964547:1:2 9 123
1765984598966874:2:0 15 93
1765984598969087:1:19 19 76
1765984598970721:2:14 3 78
1765984598972900:1:13 15 86
1765984598974923:2:3 16 87
1765984598976299:1:17 0 58
1765984598977320:2:7 4 82
1765984598978310:1:18 4 59
1765984598979334:2:8 18 65
1765984598980323:1:2 11 62
1765984598981326:2:7 15 70
1765984598982382:1:18 12 72
1765984598983433:2:3 10 109
1765984598985565:1:2 18 80
1765984598987778:2:9 1 76
1765984598990003:1:15 4 74
1765984598992175:2:16 14 73
1765984598994157:1:4 16 68
1765984598995420:2:18 3 103
1765984598996508:1:4 6 85
1765984598998543:2:0 14 85
1765984599000621:1:12 12 75
1765984599002705:2:6 10 68
1765984599004767:1:8 10 62
1765984599006854:2:9 10 66
1765984599008231:1:0 0 79
1765984599009294:2:1 0 81
1765984599010318:1:19 2 80
1765984599011359:2:3 8 64
1765984599012378:1:14 19 76
1765984599013412:2:5 3 69
1765984599014425:1:7 12 69
1765984599015469:2:18 10 78
1765984599016481:1:14 0 77
1765984599017522:2:11 0 72
1765984599018529:1:1 2 46
1765984599019553:2:7 2 39
1765984599020521:1:13 2 35
1765984599021529:2:7 16 34
1765984599022511:1:16 2 46
1765984599023523:2:15 12 36
1765984599024517:1:9 2 51
1765984599025531:2:4 8 32
1765984599026516:1:17 8 49
1765984599027533:2:14 12 35
1765984599028514:1:8 2 43
1765984599029530:2:18 1 33
1765984599030520:1:11 9 47
1765984599031540:2:11 16 33
1765984599032527:1:17 11 53
1765984599033624:2:2 2 118
1765984599035175:1:6 18 104
1765984599037151:2:19 11 72
1765984599038220:1:2 15 94
1765984599039416:2:12 0 100
1765984599040425:1:8 4 76
1765984599041419:2:10 16 73
1765984599042411:1:12 6 64
1765984599043392:2:19 17 66
1765984599044377:1:4 14 64
1765984599045360:2:15 10 66
1765984599046358:1:4 0 65
1765984599047350:2:4 3 77
1765984599048361:1:6 15 73
1765984599049354:2:16 16 72
1765984599050358:1:18 6 67
1765984599051377:2:15 15 76
1765984599052465:1:13 16 131
1765984599053550:2:6 17 114
1765984599055514:1:10 13 83
1765984599057508:2:4 7 82
1765984599059077:1:14 11 96
1765984599060171:2:8 12 76
1765984599061496:1:0 10 93
1765984599063504:2:5 19 101
1765984599065441:1:2 14 64
1765984599067361:2:8 15 61
1765984599069305:1:9 8 69
1765984599070899:2:7 17 54
1765984599071959:1:5 9 71
1765984599073004:2:1 13 104
1765984599074967:1:13 17 78
1765984599076929:2:5 17 76
1765984599078867:1:4 15 62
1765984599080807:2:9 18 62
1765984599082626:1:5 8 33
1765984599083603:2:11 11 32
1765984599084615:1:14 18 30
1765984599085586:2:18 17 31
1765984599086605:1:12 19 29
1765984599087583:2:15 6 44
1765984599089535:1:18 5 94
1765984599091511:2:16 11 73
1765984599093423:1:18 13 57
1765984599094521:2:19 18 87
1765984599095516:1:2 17 52
1765984599096508:2:11 6 71
1765984599097507:1:17 16 68
1765984599098506:2:3 2 76
1765984599099514:1:4 17 75
1765984599100513:2:3 0 73
1765984599101521:1:17 1 81
1765984599102511:2:8 6 72
1765984599103516:1:10 8 80
1765984599104522:2:10 7 64
1765984599105511:1:5 16 57
1765984599106521:2:9 16 68
1765984599107516:1:5 4 57
1765984599108521:2:12 7 79
1765984599109562:1:2 3 46
1765984599110546:2:18 0 43
1765984599111519:1:10 2 46
1765984599112509:2:16 19 66
1765984599113503:1:7 1 60
1765984599114491:2:16 0 66
1765984599115474:1:8 0 68
1765984599116472:2:0 8 67
1765984599117462:1:10 18 64
1765984599118449:2:6 4 66
1765984599119442:1:2 4 63
1765984599120425:2:1 19 59
1765984599121442:1:9 11 63
1765984599122423:2:3 12 60
1765984599123409:1:2 5 59
1765984599124403:2:0 18 61
1765984599125397:1:19 12 66
1765984599126378:2:6 8 58
1765984599127365:1:1 11 63
1765984599128350:2:12 13 61
1765984599129326:1:19 1 59
1765984599130314:2:6 0 60
1765984599131299:1:12 15 60
1765984599132298:2:3 9 64
1765984599133286:1:11 1 59
1765984599134302:2:3 19 87
1765984599135303:1:8 17 71
1765984599136305:2:0 12 70
1765984599137294:1:13 0 60
1765984599138301:2:9 7 70
1765984599139299:1:4 9 62
1765984599140294:2:9 15 65
1765984599141298:1:10 5 64
1765984599142286:2:8 11 61
1765984599143274:1:1 9 57
1765984599144259:2:9 9 57
1765984599145245:1:18 8 60
1765984599146234:2:18 19 59
1765984599147225:1:0 11 62
1765984599148217:2:5 14 58
1765984599149212:1:9 4 60
1765984599150209:2:0 2 60
1765984599151218:1:14 7 72
1765984599152226:2:1 7 66
1765984599153231:1:14 17 62
1765984599154214:2:14 15 62
1765984599155170:1:0 19 34
1765984599156162:2:6 13 65
1765984599157151:1:12 8 67
1765984599158168:2:17 14 95
1765984599159187:1:8 8 91
1765984599160186:2:18 11 65
1765984599161220:1:2 12 72
1765984599162195:2:14 16 48
1765984599163208:1:17 5 61
1765984599164195:2:6 12 68
1765984599165187:1:6 1 65
1765984599166180:2:17 19 59
1765984599167160:1:11 4 57
1765984599168097:2:10 1 28
1765984599169109:1:6 7 67
1765984599170111:2:17 4 63
1765984599171105:1:3 6 69
1765984599172100:2:17 18 61
1765984599173092:1:5 5 64
1765984599174097:2:12 16 62
1765984599175086:1:12 5 62
1765984599176073:2:9 13 57
1765984599177077:1:8 1 59
1765984599178072:2:5 15 57
1765984599179032:1:14 6 40
1765984599180037:2:2 13 67
1765984599181024:1:0 17 58
1765984599182018:2:4 10 56
1765984599182018:0:PLAYER2_WIN
