./lib/my/a.out:1: MAJOR:C-O1
./lib/my/main.c:1: MINOR:C-G1
./lib/my/main.c:1: MINOR:C-G8
./lib/my/main.c:18: MINOR:C-G7
./lib/my/main.c:18: MINOR:C-L6
./lib/my/main.c:19: MINOR:C-F8
./lib/my/main.c:19: MINOR:C-L2
./lib/my/main.c:20: MINOR:C-F8
./lib/my/main.c:20: MINOR:C-L2
./lib/my/main.c:21: MINOR:C-F8
./lib/my/main.c:21: MINOR:C-L2
./lib/my/main.c:22: MINOR:C-F8
./lib/my/main.c:22: MINOR:C-L2
./lib/my/main.c:23: MINOR:C-F8
./lib/my/main.c:23: MINOR:C-L2
./lib/my/main.c:24: MINOR:C-L6
./lib/my/main.c~:1: MAJOR:C-O1
./lib/my/my_print_e.c:13: MINOR:C-G7
./lib/my/my_print_e.c:36: MINOR:C-L3
./my_printf.c:126: MAJOR:C-F4
