./103cipher:1: MAJOR:C-O1
./display.c:21: INFO:C-A3
./display.o:1: MAJOR:C-O1
./include/my.h:9: MINOR:C-G3
./include/my.h:10: MINOR:C-G3
./include/my.h:11: MINOR:C-G3
./include/my.h:12: MINOR:C-G3
./include/my.h:13: MINOR:C-G3
./include/my.h:14: MINOR:C-G3
./include/my.h:15: MINOR:C-G3
./include/my.h:16: MINOR:C-G3
./include/my.h:17: MINOR:C-G3
./include/my.h:20: MINOR:C-L4
./include/my.h:25: MINOR:C-L4
./include/my.h:32: MINOR:C-L4
./include/my.h:38: MINOR:C-L4
./include/my.h:44: MINOR:C-L4
./include/my.h:49: MINOR:C-L4
./include/my.h:57: MINOR:C-V1
./include/my.h:58: MINOR:C-V1
./include/my.h:59: MINOR:C-V1
./include/my.h:60: MINOR:C-V1
./main.o:1: MAJOR:C-O1
